\BOOKMARK [0][-]{section*.1}{\376\377\000A\000b\000s\000t\000r\000a\000c\000t}{}% 1
\BOOKMARK [0][-]{chapter.3}{\376\377\133\236\232\214\166\356\166\204}{}% 2
\BOOKMARK [0][-]{chapter.4}{\376\377\133\236\232\214\163\257\130\203}{}% 3
\BOOKMARK [1][-]{section.5}{\376\377\170\154\116\366\163\257\130\203}{chapter.4}% 4
\BOOKMARK [2][-]{subsection.7}{\376\377\000F\000P\000G\000A\202\257\162\107}{section.5}% 5
\BOOKMARK [2][-]{subsection.8}{\376\377\000C\000P\000L\000D\202\257\162\107}{section.5}% 6
\BOOKMARK [2][-]{subsection.9}{\376\377\000S\000R\000A\000M\133\130\120\250\126\150}{section.5}% 7
\BOOKMARK [2][-]{subsection.10}{\376\377\000F\000l\000a\000s\000h\133\130\120\250\126\150}{section.5}% 8
\BOOKMARK [2][-]{subsection.11}{\376\377\140\073\176\277}{section.5}% 9
\BOOKMARK [2][-]{subsection.12}{\376\377\131\026\220\350\143\245\123\343}{section.5}% 10
\BOOKMARK [1][-]{section.13}{\376\377\217\157\116\366\163\257\130\203}{chapter.4}% 11
\BOOKMARK [2][-]{subsection.14}{\376\377\000F\000P\000G\000A\137\000\123\321\135\345\121\167}{section.13}% 12
\BOOKMARK [2][-]{subsection.15}{\376\377\000T\000H\000I\000N\000P\000A\000D\217\157\116\366\123\005}{section.13}% 13
\BOOKMARK [0][-]{chapter.16}{\376\377\133\236\232\214\213\276\213\241}{}% 14
\BOOKMARK [1][-]{section.17}{\376\377\000C\000P\000U\155\101\154\064\176\323\147\204}{chapter.16}% 15
\BOOKMARK [2][-]{subsection.18}{\376\377\145\164\117\123\213\276\213\241}{section.17}% 16
\BOOKMARK [2][-]{subsection.19}{\376\377\145\160\143\156\220\032\215\357}{section.17}% 17
\BOOKMARK [2][-]{subsection.21}{\376\377\143\247\122\066\117\341\123\367}{section.17}% 18
\BOOKMARK [2][-]{subsection.27}{\376\377\121\262\172\201\131\004\164\006}{section.17}% 19
\BOOKMARK [3][-]{section*.28}{\376\377\176\323\147\204\121\262\172\201}{subsection.27}% 20
\BOOKMARK [3][-]{section*.29}{\376\377\145\160\143\156\121\262\172\201}{subsection.27}% 21
\BOOKMARK [3][-]{section*.30}{\376\377\143\247\122\066\121\262\172\201}{subsection.27}% 22
\BOOKMARK [1][-]{section.31}{\376\377\133\304\133\130\126\150\130\006}{chapter.16}% 23
\BOOKMARK [1][-]{section.33}{\376\377\133\130\120\250\126\150}{chapter.16}% 24
\BOOKMARK [2][-]{subsection.34}{\376\377\000S\000R\000A\000M\133\130\120\250\126\150}{section.33}% 25
\BOOKMARK [2][-]{subsection.37}{\376\377\000F\000l\000a\000s\000h\133\130\120\250\126\150}{section.33}% 26
\BOOKMARK [1][-]{section.38}{\376\377\116\055\145\255\131\004\164\006}{chapter.16}% 27
\BOOKMARK [2][-]{subsection.39}{\376\377\000E\000S\000C\170\154\116\366\116\055\145\255}{section.38}% 28
\BOOKMARK [2][-]{subsection.41}{\376\377\000C\000o\000n\000t\000r\000o\000l\000\040\000C\170\154\116\366\116\055\145\255}{section.38}% 29
\BOOKMARK [2][-]{subsection.43}{\376\377\217\157\116\366\116\055\145\255}{section.38}% 30
\BOOKMARK [2][-]{subsection.44}{\376\377\145\366\224\237\116\055\145\255}{section.38}% 31
\BOOKMARK [1][-]{section.46}{\376\377\000I\000/\000O}{chapter.16}% 32
\BOOKMARK [1][-]{section.47}{\376\377\131\032\220\123\172\013\136\217}{chapter.16}% 33
\BOOKMARK [0][-]{chapter*.48}{\376\377\000B\000i\000b\000l\000i\000o\000g\000r\000a\000p\000h\000y}{}% 34
